<?xml version="1.0" encoding="UTF-8"?>
<testsuite name="code.challenge.service.MarketHolidayServiceImplTest" tests="3" skipped="0" failures="0" errors="0" timestamp="2022-11-23T19:01:58" hostname="EPESMALW03D9" time="0.48">
  <properties/>
  <testcase name="givenMarketQuotes_WhenRequestedForHoliday_shouldReturnListOfHolidays()" classname="code.challenge.service.MarketHolidayServiceImplTest" time="0.418"/>
  <testcase name="givenNoCSVFile_WhenRequestedForHoliday_ShouldThrowException()" classname="code.challenge.service.MarketHolidayServiceImplTest" time="0.005"/>
  <testcase name="givenEPAMMarketQuotes_WhenRequestedForHoliday_shouldReturnListOfHolidays()" classname="code.challenge.service.MarketHolidayServiceImplTest" time="0.055"/>
  <system-out><![CDATA[20:01:58.614 [Test worker] INFO  c.c.s.impl.StockMarketServiceImpl - Computing holidays from file: /C:/Users/Mhretaab_Ayenew/Documents/Projects/MarketHolidaysCoding/build/resources/test/test_data.csv
20:01:58.626 [Test worker] INFO  c.c.service.impl.CsvFileParser - Parsing file: /C:/Users/Mhretaab_Ayenew/Documents/Projects/MarketHolidaysCoding/build/resources/test/test_data.csv
20:01:58.628 [Test worker] INFO  c.c.service.impl.CsvFileParser - file :/C:/Users/Mhretaab_Ayenew/Documents/Projects/MarketHolidaysCoding/build/resources/test/test_data.csv parsed successfully
20:01:58.659 [Test worker] INFO  c.c.s.impl.StockMarketServiceImpl - Computing holidays from file: no_file.csv
20:01:58.660 [Test worker] INFO  c.c.service.impl.CsvFileParser - Parsing file: no_file.csv
20:01:58.664 [Test worker] INFO  c.c.s.impl.StockMarketServiceImpl - Computing holidays from file: /C:/Users/Mhretaab_Ayenew/Documents/Projects/MarketHolidaysCoding/build/resources/test/EPAM.csv
20:01:58.664 [Test worker] INFO  c.c.service.impl.CsvFileParser - Parsing file: /C:/Users/Mhretaab_Ayenew/Documents/Projects/MarketHolidaysCoding/build/resources/test/EPAM.csv
20:01:58.667 [Test worker] INFO  c.c.service.impl.CsvFileParser - file :/C:/Users/Mhretaab_Ayenew/Documents/Projects/MarketHolidaysCoding/build/resources/test/EPAM.csv parsed successfully
]]></system-out>
  <system-err><![CDATA[]]></system-err>
</testsuite>
