<?xml version="1.0" encoding="UTF-8"?>
<testsuite name="code.challenge.service.MarketHolidayServiceImplTest" tests="3" skipped="0" failures="0" errors="0" timestamp="2022-11-22T12:03:06" hostname="EPESMALW03D9" time="0.336">
  <properties/>
  <testcase name="givenMarketQuotes_WhenRequestedForHoliday_shouldReturnListOfHolidays()" classname="code.challenge.service.MarketHolidayServiceImplTest" time="0.298"/>
  <testcase name="givenNoCSVFile_WhenRequestedForHoliday_ShouldThrowException()" classname="code.challenge.service.MarketHolidayServiceImplTest" time="0.003"/>
  <testcase name="givenEPAMMarketQuotes_WhenRequestedForHoliday_shouldReturnListOfHolidays()" classname="code.challenge.service.MarketHolidayServiceImplTest" time="0.033"/>
  <system-out><![CDATA[13:03:06.729 [Test worker] INFO  c.c.s.impl.MarketHolidayServiceImpl - Computing holidays from file: /C:/Users/Mhretaab_Ayenew/Documents/Projects/MarketHolidaysCoding/build/resources/test/test_data.csv
13:03:06.740 [Test worker] INFO  c.c.s.impl.MarketHolidayServiceImpl - Parsing file: /C:/Users/Mhretaab_Ayenew/Documents/Projects/MarketHolidaysCoding/build/resources/test/test_data.csv
13:03:06.745 [Test worker] INFO  c.c.s.impl.MarketHolidayServiceImpl - file :/C:/Users/Mhretaab_Ayenew/Documents/Projects/MarketHolidaysCoding/build/resources/test/test_data.csv parsed successfully
13:03:06.763 [Test worker] INFO  c.c.s.impl.MarketHolidayServiceImpl - Computing holidays from file: no_file.csv
13:03:06.764 [Test worker] INFO  c.c.s.impl.MarketHolidayServiceImpl - Parsing file: no_file.csv
13:03:06.767 [Test worker] INFO  c.c.s.impl.MarketHolidayServiceImpl - Computing holidays from file: /C:/Users/Mhretaab_Ayenew/Documents/Projects/MarketHolidaysCoding/build/resources/test/EPAM.csv
13:03:06.767 [Test worker] INFO  c.c.s.impl.MarketHolidayServiceImpl - Parsing file: /C:/Users/Mhretaab_Ayenew/Documents/Projects/MarketHolidaysCoding/build/resources/test/EPAM.csv
13:03:06.793 [Test worker] INFO  c.c.s.impl.MarketHolidayServiceImpl - file :/C:/Users/Mhretaab_Ayenew/Documents/Projects/MarketHolidaysCoding/build/resources/test/EPAM.csv parsed successfully
]]></system-out>
  <system-err><![CDATA[]]></system-err>
</testsuite>
