<?xml version="1.0" encoding="UTF-8"?>
<testsuite name="code.challenge.service.MarketHolidayServiceImplTest" tests="3" skipped="0" failures="0" errors="0" timestamp="2022-11-21T19:46:19" hostname="EPESMALW03D9" time="0.226">
  <properties/>
  <testcase name="givenMarketQuotes_WhenRequestedForHoliday_shouldReturnListOfHolidays()" classname="code.challenge.service.MarketHolidayServiceImplTest" time="0.201"/>
  <testcase name="givenNoCSVFile_WhenRequestedForHoliday_ShouldThrowException()" classname="code.challenge.service.MarketHolidayServiceImplTest" time="0.002"/>
  <testcase name="givenEPAMMarketQuotes_WhenRequestedForHoliday_shouldReturnListOfHolidays()" classname="code.challenge.service.MarketHolidayServiceImplTest" time="0.022"/>
  <system-out><![CDATA[20:46:20.100 [Test worker] INFO  c.c.s.impl.MarketHolidayServiceImpl - Computing holidays from file: /C:/Users/Mhretaab_Ayenew/Documents/Projects/MarketHolidaysCoding/build/resources/test/test_data.csv
20:46:20.105 [Test worker] INFO  c.c.s.impl.MarketHolidayServiceImpl - Parsing file: /C:/Users/Mhretaab_Ayenew/Documents/Projects/MarketHolidaysCoding/build/resources/test/test_data.csv
20:46:20.108 [Test worker] INFO  c.c.s.impl.MarketHolidayServiceImpl - file :/C:/Users/Mhretaab_Ayenew/Documents/Projects/MarketHolidaysCoding/build/resources/test/test_data.csv parsed successfully
20:46:20.119 [Test worker] INFO  c.c.s.impl.MarketHolidayServiceImpl - Computing holidays from file: no_file.csv
20:46:20.119 [Test worker] INFO  c.c.s.impl.MarketHolidayServiceImpl - Parsing file: no_file.csv
20:46:20.120 [Test worker] INFO  c.c.s.impl.MarketHolidayServiceImpl - Computing holidays from file: /C:/Users/Mhretaab_Ayenew/Documents/Projects/MarketHolidaysCoding/build/resources/test/EPAM.csv
20:46:20.121 [Test worker] INFO  c.c.s.impl.MarketHolidayServiceImpl - Parsing file: /C:/Users/Mhretaab_Ayenew/Documents/Projects/MarketHolidaysCoding/build/resources/test/EPAM.csv
20:46:20.141 [Test worker] INFO  c.c.s.impl.MarketHolidayServiceImpl - file :/C:/Users/Mhretaab_Ayenew/Documents/Projects/MarketHolidaysCoding/build/resources/test/EPAM.csv parsed successfully
[17/01/2022, 21/02/2022, 15/04/2022, 30/05/2022, 20/06/2022, 04/07/2022, 05/09/2022]
]]></system-out>
  <system-err><![CDATA[]]></system-err>
</testsuite>
